[2020-05-30T15:36:57.205] [DEBUG] ProductController - query start
[2020-05-30T15:37:35.714] [DEBUG] ProductController - query ====> undefined
[2020-05-30T15:38:01.547] [DEBUG] ProductController - query ====> {}
[2020-05-30T15:40:42.220] [DEBUG] ProductController - query start
[2020-05-30T15:41:20.582] [DEBUG] ProductController - productService ====> { query: [Function: query] }
[2020-05-30T15:41:49.384] [DEBUG] ProductService - Init query
[2020-05-30T15:42:39.064] [DEBUG] ProductService - Init query
[2020-05-30T15:43:11.582] [DEBUG] ProductService - Init query
[2020-05-30T15:44:02.848] [DEBUG] ProductService - Init query
[2020-05-30T15:44:16.227] [DEBUG] ProductService - Init query
[2020-05-30T15:44:43.232] [DEBUG] ProductService - Init query
[2020-05-30T15:45:50.133] [DEBUG] ProductController - Start query 
[2020-05-30T15:45:50.134] [DEBUG] ProductController - productService 
[2020-05-30T15:45:50.134] [DEBUG] ProductService - Init query
[2020-05-30T15:45:50.808] [DEBUG] ProductController - Start query 
[2020-05-30T15:45:50.808] [DEBUG] ProductController - productService 
[2020-05-30T15:45:50.809] [DEBUG] ProductService - Init query
[2020-05-30T15:58:55.894] [DEBUG] ProductService - Init query
[2020-05-30T15:58:59.588] [DEBUG] ProductService - Init query
[2020-05-30T16:02:08.354] [DEBUG] ShopperService - get info
[2020-05-30T16:04:17.107] [DEBUG] ProductService - Init query
[2020-05-30T16:04:25.372] [DEBUG] ProductService - Init query
[2020-05-30T16:04:28.648] [DEBUG] ProductService - Init query
[2020-05-30T16:05:22.704] [DEBUG] ProductService - Init query
[2020-05-30T16:05:22.807] [DEBUG] ShopperService - get info
[2020-05-30T16:05:43.481] [DEBUG] ShopperService - get info
[2020-05-30T16:05:46.009] [DEBUG] ProductService - Init query
[2020-05-30T16:05:53.053] [DEBUG] ProductService - Init query
[2020-05-30T16:07:03.927] [DEBUG] ProductService - Init query
[2020-05-30T16:07:04.045] [DEBUG] ShopperService - get info
[2020-05-30T16:08:34.072] [DEBUG] ProductService - get 1
[2020-05-30T16:08:42.850] [DEBUG] ProductService - get 1
[2020-05-30T16:08:47.834] [DEBUG] ProductService - Init query
[2020-05-30T16:08:52.111] [DEBUG] ProductService - get 1
[2020-05-30T16:13:11.783] [DEBUG] ProductService - get 1
[2020-05-30T16:15:54.779] [DEBUG] ProductService - Init query
[2020-05-30T16:15:54.909] [DEBUG] ShopperService - get info
[2020-05-30T16:15:57.372] [DEBUG] ProductService - Init query
[2020-05-30T16:16:59.970] [DEBUG] ProductService - get 1
[2020-05-30T16:17:00.077] [DEBUG] ShopperService - get info
[2020-05-30T16:17:03.289] [DEBUG] ProductService - Init query
[2020-05-30T16:17:25.194] [DEBUG] ProductService - Init query
[2020-05-30T16:21:46.441] [DEBUG] ProductService - Init query
[2020-05-30T16:21:46.547] [DEBUG] ShopperService - get info
[2020-05-30T16:21:50.333] [DEBUG] ProductService - get 1
[2020-05-30T16:23:14.845] [DEBUG] ProductService - Init query
[2020-05-30T16:23:14.987] [DEBUG] ShopperService - get info
[2020-05-30T16:23:18.763] [DEBUG] ProductService - get 1
[2020-05-30T16:23:42.430] [DEBUG] ProductService - get 2
[2020-05-30T16:25:57.380] [DEBUG] ProductService - Init query
[2020-05-30T16:25:57.426] [DEBUG] ShopperService - get info
[2020-05-30T16:26:04.917] [DEBUG] ProductService - get 1
[2020-05-30T16:26:09.410] [DEBUG] ProductService - get 2
[2020-05-30T16:26:10.734] [DEBUG] ProductService - get 3
[2020-05-30T16:26:22.350] [DEBUG] ProductService - get 4
[2020-05-30T16:26:31.445] [DEBUG] ProductService - Init query
[2020-05-30T16:26:34.202] [DEBUG] ProductService - get 1
[2020-05-30T16:28:49.708] [DEBUG] ProductService - Init query
[2020-05-30T16:28:49.770] [DEBUG] ShopperService - get info
[2020-05-30T16:28:52.316] [DEBUG] ProductService - Init query
[2020-05-30T16:28:55.428] [DEBUG] ProductService - get 1
[2020-05-30T16:33:06.178] [DEBUG] ProductService - Init query
[2020-05-30T16:33:06.263] [DEBUG] ShopperService - get info
[2020-05-30T16:33:17.989] [DEBUG] ProductService - get 1
[2020-05-30T16:35:32.088] [DEBUG] ProductService - get 1
[2020-05-30T16:35:32.205] [DEBUG] ShopperService - get info
[2020-05-30T16:35:50.360] [DEBUG] ProductService - get 1
[2020-05-30T16:35:50.424] [DEBUG] ShopperService - get info
[2020-05-30T16:35:54.535] [DEBUG] ProductService - Init query
[2020-05-30T16:35:59.759] [DEBUG] ProductService - get 1
[2020-05-30T16:36:09.515] [DEBUG] ProductService - Init query
[2020-05-30T16:36:11.984] [DEBUG] ProductService - get 4
